SF:lib/math.g.dart
DA:12,1
DA:13,2
DA:15,1
DA:17,2
DA:18,1
DA:21,1
DA:23,4
DA:24,1
DA:28,3
DA:30,1
DA:32,2
DA:33,1
DA:36,1
DA:38,4
DA:39,1
DA:43,1
DA:44,2
DA:46,1
DA:48,2
DA:49,1
DA:52,1
DA:54,4
DA:55,1
DA:59,1
DA:60,2
DA:62,1
DA:65,2
DA:67,1
DA:69,2
DA:73,1
DA:76,2
DA:78,1
DA:80,2
DA:84,1
DA:87,2
DA:89,1
DA:91,2
DA:95,1
DA:98,2
DA:100,1
DA:102,2
DA:106,1
DA:109,2
DA:111,1
DA:113,2
DA:117,1
DA:120,2
DA:122,1
DA:124,2
DA:128,0
DA:131,0
DA:133,0
DA:135,0
DA:139,0
DA:142,0
DA:143,0
DA:144,0
DA:145,0
LF:58
LH:49
end_of_record
SF:lib/math.dart
DA:18,1
DA:20,1
DA:21,1
DA:24,1
DA:26,2
DA:27,1
DA:29,2
DA:33,1
DA:35,1
DA:36,1
DA:37,3
DA:39,1
DA:40,2
DA:41,1
DA:44,1
DA:46,3
DA:47,6
DA:49,0
DA:53,1
DA:55,1
DA:56,3
DA:58,1
DA:59,1
DA:60,3
DA:63,1
DA:65,2
DA:66,2
DA:70,0
DA:72,0
DA:76,0
DA:77,0
DA:78,0
DA:79,0
DA:81,0
DA:82,0
DA:84,0
DA:85,0
DA:87,0
DA:88,0
DA:93,0
DA:94,0
LF:41
LH:26
end_of_record
SF:lib/extensions/double_extensions.dart
DA:4,1
DA:5,2
DA:6,1
DA:7,1
LF:4
LH:4
end_of_record
SF:lib/components/add_button.dart
DA:7,1
DA:9,1
DA:11,1
DA:14,1
DA:15,1
DA:16,2
DA:18,1
DA:19,1
DA:20,1
LF:9
LH:9
end_of_record
SF:lib/components/subtract_button.dart
DA:7,1
DA:9,1
DA:11,1
DA:13,1
DA:14,1
DA:15,2
DA:17,1
DA:18,1
DA:19,1
LF:9
LH:9
end_of_record
